127 - Winsize
2145 - 0
2147 - 1
2151 - 3
2157 - 7
2167 - 15
2176 - 3
2178 - 4
2179 - 4
2181 - 5
2182 - 10
2184 - 11
2186 - 14
2188 - 15
2189 - 15
2192 - 22
2202 - 4
2204 - 6
2205 - 6
2206 - 8
2208 - 10
2209 - 11
2212 - 11
2212 - 13
2216 - 24
2218 - 26
2219 - 26
2220 - 27
2221 - 28
2222 - 29
2223 - 29
2224 - 29
2225 - 30
2231 - 46
2249 - 4
2250 - 6
2252 - 10
2254 - 12
2255 - 12
2256 - 13
2257 - 15
2258 - Packet Dropped!
2259 - 16
2260 - 17
2261 - 18
2262 - 20
2264 - 22
2266 - 24
2267 - 25
2268 - 28
2270 - 30
2271 - 31
2272 - 32
2274 - 34
2275 - 36
2276 - 36
2277 - 37
2280 - 0
2292 - 0
2294 - 1
2297 - 3
2301 - 7
2309 - 9
2310 - 10
2310 - 12
2311 - 12
2317 - 4
2318 - 5
2320 - 9
2321 - 9
2322 - 10
2323 - 11
2323 - 11
2325 - 12
2325 - 13
2326 - 14
2327 - 16
2329 - 19
2329 - 19
2337 - 3
2338 - 4
2339 - 6
2341 - 7
2342 - 8
2342 - 10
2343 - 11
2344 - 12
2346 - 14
2347 - 15
2349 - 21
2357 - 6
2359 - 9
2361 - 10
2362 - 11
2363 - 14
2365 - 15
2365 - 16
2365 - 17
2366 - 18
2367 - 21
2368 - 22
2378 - 4
2379 - 4
2379 - 5
2381 - 7
2382 - 9
2385 - 12
2385 - 14
2386 - 16
2387 - 21
2389 - 24
2399 - 5
2400 - 6
2401 - 8
2402 - 12
2404 - 18
2405 - 19
2407 - 22
2408 - 24
2409 - 25
2409 - 25
2419 - 4
2421 - 9
2423 - 11
2424 - 11
2425 - 14
2426 - 17
2427 - 20
2428 - 21
2429 - 22
2431 - 26
2442 - 4
2443 - 6
2445 - 8
2446 - 9
2447 - 10
2448 - 12
2449 - 13
2449 - 14
2450 - 15
2451 - 17
2453 - 19
2453 - 20
2455 - 23
2455 - 23
2468 - 6
2469 - 9
2471 - 12
2472 - 14
2474 - 13
2475 - 15
2476 - 17
2477 - 18
2478 - 21
2480 - 24
2480 - 24
2495 - 5
2496 - 7
2498 - 9
2499 - 12
2500 - 14
2501 - 16
2502 - 18
2504 - 21
2505 - 24
2506 - 25
2507 - 27
2508 - 27
2525 - 5
2526 - 7
2527 - 9
2528 - 11
2529 - 11
